[18:50:42] [Server thread/INFO]: Starting minecraft server version 1.12
[18:50:42] [Server thread/INFO]: Loading properties
[18:50:42] [Server thread/INFO]: Default game type: CREATIVE
[18:50:42] [Server thread/INFO]: Generating keypair
[18:50:42] [Server thread/INFO]: Starting Minecraft server on *:25565
[18:50:42] [Server thread/INFO]: Using default channel type
[18:50:43] [Server thread/INFO]: This server is running CraftBukkit version git-Bukkit-ed8c725 (MC: 1.12) (Implementing API version 1.12-R0.1-SNAPSHOT)
[18:50:43] [Server thread/INFO]: [RaspberryJuice] Loading RaspberryJuice v1.10
[18:50:43] [Server thread/WARN]: **** SERVER IS RUNNING IN OFFLINE/INSECURE MODE!
[18:50:43] [Server thread/WARN]: The server will make no attempt to authenticate usernames. Beware.
[18:50:43] [Server thread/WARN]: While this makes the game possible to play without internet access, it also opens up the ability for hackers to connect with any username they choose.
[18:50:43] [Server thread/WARN]: To change this, set "online-mode" to "true" in the server.properties file.
[18:50:43] [Server thread/INFO]: Preparing level "world"
[18:50:43] [Server thread/INFO]: Preparing start region for level 0 (Seed: 5742904898930994298)
[18:50:44] [Server thread/INFO]: Preparing start region for level 1 (Seed: 5742904898930994298)
[18:50:45] [Server thread/INFO]: Preparing start region for level 2 (Seed: 5742904898930994298)
[18:50:45] [Server thread/INFO]: [RaspberryJuice] Enabling RaspberryJuice v1.10
[18:50:45] [Server thread/INFO]: [RaspberryJuice] Using port 4711
[18:50:45] [Server thread/INFO]: [RaspberryJuice] Using ABSOLUTE locations
[18:50:45] [Server thread/INFO]: [RaspberryJuice] Using BOTH clicks for hits
[18:50:45] [Server thread/INFO]: [RaspberryJuice] ThreadListener Started
[18:50:45] [Server thread/INFO]: Server permissions file permissions.yml is empty, ignoring it
[18:50:45] [Server thread/INFO]: Done (2,083s)! For help, type "help" or "?"
[18:50:48] [Server thread/INFO]: marcdelcuco[/127.0.0.1:54746] logged in with entity id 14 at ([world]17.46261733798623, 82.37429331309657, -197.28362056050852)
[18:50:51] [Netty Server IO #4/INFO]: <marcdelcuco> hola[m
[18:51:01] [Thread-7/INFO]: [RaspberryJuice] Starting input thread
[18:51:01] [Thread-5/INFO]: [RaspberryJuice] Opened connection to/127.0.0.1:54776.
[18:51:01] [Thread-8/INFO]: [RaspberryJuice] Starting output thread!
[18:51:01] [Thread-5/INFO]: [RaspberryJuice] Opened connection to/127.0.0.1:54777.
[18:51:01] [Thread-10/INFO]: [RaspberryJuice] Starting output thread!
[18:51:01] [Thread-9/INFO]: [RaspberryJuice] Starting input thread
[18:51:01] [Thread-5/INFO]: [RaspberryJuice] Opened connection to/127.0.0.1:54778.
[18:51:01] [Thread-11/INFO]: [RaspberryJuice] Starting input thread
[18:51:01] [Thread-12/INFO]: [RaspberryJuice] Starting output thread!
[18:51:01] [Thread-5/INFO]: [RaspberryJuice] Opened connection to/127.0.0.1:54779.
[18:51:01] [Thread-13/INFO]: [RaspberryJuice] Starting input thread
[18:51:01] [Thread-14/INFO]: [RaspberryJuice] Starting output thread!
[18:51:04] [Netty Server IO #4/INFO]: <marcdelcuco> hola[m
[18:51:04] [Server thread/INFO]: hola que tal[m
[18:51:23] [Netty Server IO #4/INFO]: <marcdelcuco> changeto tntBot[m
[18:51:23] [Server thread/INFO]: bot changed to tnt bot[m
[18:51:27] [Netty Server IO #4/INFO]: <marcdelcuco> perform[m
[18:51:32] [Netty Server IO #4/INFO]: <marcdelcuco> typeOf[m
[18:51:32] [Server thread/INFO]: TNTBot[m
[18:51:35] [Server thread/INFO]: marcdelcuco lost connection: Disconnected
[18:51:35] [Server thread/INFO]: marcdelcuco left the game
